
Circuit 1 cell sky130_fd_pr__pfet_01v8 and Circuit 2 cell sky130_fd_pr__pfet_01v8 are black boxes.
Equate elements:  no current cell.
Device classes sky130_fd_pr__pfet_01v8 and sky130_fd_pr__pfet_01v8 are equivalent.

Circuit 1 cell sky130_fd_pr__nfet_01v8 and Circuit 2 cell sky130_fd_pr__nfet_01v8 are black boxes.
Equate elements:  no current cell.
Device classes sky130_fd_pr__nfet_01v8 and sky130_fd_pr__nfet_01v8 are equivalent.

Subcircuit summary:
Circuit 1: Dlatch                          |Circuit 2: Dlatch                          
-------------------------------------------|-------------------------------------------
sky130_fd_pr__pfet_01v8 (9)                |sky130_fd_pr__pfet_01v8 (9)                
sky130_fd_pr__nfet_01v8 (9)                |sky130_fd_pr__nfet_01v8 (9)                
Number of devices: 18                      |Number of devices: 18                      
Number of nets: 13                         |Number of nets: 13                         
---------------------------------------------------------------------------------------
Netlists match uniquely with property errors.
sky130_fd_pr__nfet_01v8:15 vs. sky130_fd_pr__nfet_01v8:M9:
 w circuit1: 0.5   circuit2: 1   (delta=66.7%, cutoff=1%)
sky130_fd_pr__nfet_01v8:4 vs. sky130_fd_pr__nfet_01v8:M5:
 w circuit1: 0.5   circuit2: 1   (delta=66.7%, cutoff=1%)
sky130_fd_pr__nfet_01v8:5 vs. sky130_fd_pr__nfet_01v8:M8:
 w circuit1: 0.5   circuit2: 1   (delta=66.7%, cutoff=1%)
sky130_fd_pr__nfet_01v8:2 vs. sky130_fd_pr__nfet_01v8:M12:
 w circuit1: 0.5   circuit2: 1   (delta=66.7%, cutoff=1%)
sky130_fd_pr__nfet_01v8:17 vs. sky130_fd_pr__nfet_01v8:M1:
 w circuit1: 0.5   circuit2: 1   (delta=66.7%, cutoff=1%)
sky130_fd_pr__nfet_01v8:10 vs. sky130_fd_pr__nfet_01v8:M13:
 w circuit1: 0.5   circuit2: 1   (delta=66.7%, cutoff=1%)
sky130_fd_pr__nfet_01v8:14 vs. sky130_fd_pr__nfet_01v8:M16:
 w circuit1: 0.5   circuit2: 1   (delta=66.7%, cutoff=1%)
sky130_fd_pr__nfet_01v8:1 vs. sky130_fd_pr__nfet_01v8:M4:
 w circuit1: 0.5   circuit2: 1   (delta=66.7%, cutoff=1%)
sky130_fd_pr__nfet_01v8:6 vs. sky130_fd_pr__nfet_01v8:M17:
 w circuit1: 0.5   circuit2: 1   (delta=66.7%, cutoff=1%)

Subcircuit pins:
Circuit 1: Dlatch                          |Circuit 2: Dlatch                          
-------------------------------------------|-------------------------------------------
GND                                        |GND                                        
VDD                                        |VDD                                        
CLK                                        |CLK                                        
D                                          |D                                          
Q                                          |Q                                          
NOT_Q                                      |NOT_Q                                      
---------------------------------------------------------------------------------------
Cell pin lists are equivalent.
Device classes Dlatch and Dlatch are equivalent.

Subcircuit summary:
Circuit 1: inv                             |Circuit 2: inv                             
-------------------------------------------|-------------------------------------------
sky130_fd_pr__nfet_01v8 (1)                |sky130_fd_pr__nfet_01v8 (1)                
sky130_fd_pr__pfet_01v8 (1)                |sky130_fd_pr__pfet_01v8 (1)                
Number of devices: 2                       |Number of devices: 2                       
Number of nets: 4                          |Number of nets: 4                          
---------------------------------------------------------------------------------------
Netlists match uniquely with property errors.
sky130_fd_pr__nfet_01v8:0 vs. sky130_fd_pr__nfet_01v8:M1:
 w circuit1: 0.5   circuit2: 1   (delta=66.7%, cutoff=1%)

Subcircuit pins:
Circuit 1: inv                             |Circuit 2: inv                             
-------------------------------------------|-------------------------------------------
Y                                          |Y                                          
A                                          |A                                          
GND                                        |GND                                        
VDD                                        |VDD                                        
---------------------------------------------------------------------------------------
Cell pin lists are equivalent.
Device classes inv and inv are equivalent.

Subcircuit summary:
Circuit 1: nand2                           |Circuit 2: nand2                           
-------------------------------------------|-------------------------------------------
sky130_fd_pr__nfet_01v8 (2)                |sky130_fd_pr__nfet_01v8 (2)                
sky130_fd_pr__pfet_01v8 (2)                |sky130_fd_pr__pfet_01v8 (2)                
Number of devices: 4                       |Number of devices: 4                       
Number of nets: 6                          |Number of nets: 6                          
---------------------------------------------------------------------------------------
Netlists match uniquely with property errors.
sky130_fd_pr__nfet_01v8:3 vs. sky130_fd_pr__nfet_01v8:M1:
 w circuit1: 0.5   circuit2: 1   (delta=66.7%, cutoff=1%)
sky130_fd_pr__nfet_01v8:0 vs. sky130_fd_pr__nfet_01v8:M4:
 w circuit1: 0.5   circuit2: 1   (delta=66.7%, cutoff=1%)

Subcircuit pins:
Circuit 1: nand2                           |Circuit 2: nand2                           
-------------------------------------------|-------------------------------------------
VDD                                        |VDD                                        
Y                                          |Y                                          
GND                                        |GND                                        
B                                          |B                                          
A                                          |A                                          
---------------------------------------------------------------------------------------
Cell pin lists are equivalent.
Device classes nand2 and nand2 are equivalent.

Subcircuit summary:
Circuit 1: DFF                             |Circuit 2: DFF                             
-------------------------------------------|-------------------------------------------
Dlatch (2)                                 |Dlatch (2)                                 
inv (1)                                    |inv (1)                                    
Number of devices: 3                       |Number of devices: 3                       
Number of nets: 9                          |Number of nets: 9                          
---------------------------------------------------------------------------------------
Netlists match uniquely.

Subcircuit pins:
Circuit 1: DFF                             |Circuit 2: DFF                             
-------------------------------------------|-------------------------------------------
CLK                                        |CLK                                        
Q                                          |Q                                          
NOT_Q                                      |NOT_Q                                      
D                                          |D                                          
inv_0/GND                                  |GND **Mismatch**                           
inv_0/VDD                                  |VDD **Mismatch**                           
---------------------------------------------------------------------------------------
Cell pin lists for DFF and DFF altered to match.
Device classes DFF and DFF are equivalent.

Subcircuit summary:
Circuit 1: multiplexor                     |Circuit 2: multiplexor                     
-------------------------------------------|-------------------------------------------
nand2 (24)                                 |nand2 (24)                                 
inv (1)                                    |inv (1)                                    
Number of devices: 25                      |Number of devices: 25                      
Number of nets: 44                         |Number of nets: 44                         
---------------------------------------------------------------------------------------
Resolving automorphisms by property value.
Resolving automorphisms by pin name.
Netlists match uniquely.

Subcircuit pins:
Circuit 1: multiplexor                     |Circuit 2: multiplexor                     
-------------------------------------------|-------------------------------------------
SEL                                        |SEL                                        
A1                                         |A1                                         
A5                                         |A5                                         
A0                                         |A0                                         
A4                                         |A4                                         
A7                                         |A7                                         
A3                                         |A3                                         
A2                                         |A2                                         
A6                                         |A6                                         
B5                                         |B5                                         
B1                                         |B1                                         
B4                                         |B4                                         
B0                                         |B0                                         
B7                                         |B7                                         
B3                                         |B3                                         
B6                                         |B6                                         
B2                                         |B2                                         
Y1                                         |Y1                                         
Y5                                         |Y5                                         
Y0                                         |Y0                                         
Y4                                         |Y4                                         
Y7                                         |Y7                                         
Y3                                         |Y3                                         
Y2                                         |Y2                                         
Y6                                         |Y6                                         
GND                                        |GND                                        
VDD                                        |VDD                                        
---------------------------------------------------------------------------------------
Cell pin lists are equivalent.
Device classes multiplexor and multiplexor are equivalent.

Subcircuit summary:
Circuit 1: mag/Final2.spice                |Circuit 2: spice/Final.spice               
-------------------------------------------|-------------------------------------------
DFF (9)                                    |DFF (9)                                    
multiplexor (3)                            |multiplexor (3)                            
Number of devices: 12                      |Number of devices: 12                      
Number of nets: 47                         |Number of nets: 47                         
---------------------------------------------------------------------------------------
Netlists match uniquely.
Cells have no pins;  pin matching not needed.
Device classes mag/Final2.spice and spice/Final.spice are equivalent.

Final result: Circuits match uniquely.
.

The following cells had property errors:
 Dlatch
 inv
 nand2
